2025-08-02 07:43:58.947 [scheduling-1] ERROR com.sun.xml.messaging.saaj.client.p2p - SAAJ0009: 未能发送消息
2025-08-02 07:44:01.200 [scheduling-1] ERROR c.t.c.signalplatform.platformbase.WebServiceClient - WebService连接测试失败
com.sun.xml.messaging.saaj.SOAPExceptionImpl: com.sun.xml.messaging.saaj.SOAPExceptionImpl: Message send failed
	at com.sun.xml.messaging.saaj.client.p2p.HttpSOAPConnection.call(HttpSOAPConnection.java:127)
	at com.traffic.config.signalplatform.platformbase.WebServiceClient.callWebService(WebServiceClient.java:254)
	at com.traffic.config.signalplatform.platformbase.WebServiceClient.testConnection(WebServiceClient.java:75)
	at com.traffic.config.signalplatform.platformbase.WebServiceClient$$FastClassBySpringCGLIB$$eca0d231.invoke(<generated>)
	at org.springframework.cglib.proxy.MethodProxy.invoke(MethodProxy.java:218)
	at org.springframework.aop.framework.CglibAopProxy.invokeMethod(CglibAopProxy.java:386)
	at org.springframework.aop.framework.CglibAopProxy.access$000(CglibAopProxy.java:85)
	at org.springframework.aop.framework.CglibAopProxy$DynamicAdvisedInterceptor.intercept(CglibAopProxy.java:703)
	at com.traffic.config.signalplatform.platformbase.WebServiceClient$$EnhancerBySpringCGLIB$$3327d8d4.testConnection(<generated>)
	at com.traffic.config.signalplatform.platformbase.CrossInfoManager.updateAllCrossInfoFromPlatform(CrossInfoManager.java:100)
	at com.traffic.config.signalplatform.platformbase.CrossInfoManager.lambda$handleSignalListUpdate$0(CrossInfoManager.java:70)
	at org.springframework.scheduling.support.DelegatingErrorHandlingRunnable.run(DelegatingErrorHandlingRunnable.java:54)
	at java.base/java.util.concurrent.Executors$RunnableAdapter.call(Executors.java:539)
	at java.base/java.util.concurrent.FutureTask.runAndReset(FutureTask.java:305)
	at java.base/java.util.concurrent.ScheduledThreadPoolExecutor$ScheduledFutureTask.run(ScheduledThreadPoolExecutor.java:305)
	at java.base/java.util.concurrent.ThreadPoolExecutor.runWorker(ThreadPoolExecutor.java:1136)
	at java.base/java.util.concurrent.ThreadPoolExecutor$Worker.run(ThreadPoolExecutor.java:635)
	at java.base/java.lang.Thread.run(Thread.java:840)
Caused by: com.sun.xml.messaging.saaj.SOAPExceptionImpl: Message send failed
	at com.sun.xml.messaging.saaj.client.p2p.HttpSOAPConnection.post(HttpSOAPConnection.java:259)
	at com.sun.xml.messaging.saaj.client.p2p.HttpSOAPConnection.call(HttpSOAPConnection.java:123)
	... 17 common frames omitted
Caused by: java.net.NoRouteToHostException: No route to host: connect
	at java.base/sun.nio.ch.Net.connect0(Native Method)
	at java.base/sun.nio.ch.Net.connect(Net.java:579)
	at java.base/sun.nio.ch.Net.connect(Net.java:568)
	at java.base/sun.nio.ch.NioSocketImpl.connect(NioSocketImpl.java:593)
	at java.base/java.net.Socket.connect(Socket.java:633)
	at java.base/sun.net.NetworkClient.doConnect(NetworkClient.java:178)
	at java.base/sun.net.www.http.HttpClient.openServer(HttpClient.java:533)
	at java.base/sun.net.www.http.HttpClient.openServer(HttpClient.java:638)
	at java.base/sun.net.www.http.HttpClient.<init>(HttpClient.java:281)
	at java.base/sun.net.www.http.HttpClient.New(HttpClient.java:386)
	at java.base/sun.net.www.http.HttpClient.New(HttpClient.java:408)
	at java.base/sun.net.www.protocol.http.HttpURLConnection.getNewHttpClient(HttpURLConnection.java:1324)
	at java.base/sun.net.www.protocol.http.HttpURLConnection.plainConnect0(HttpURLConnection.java:1257)
	at java.base/sun.net.www.protocol.http.HttpURLConnection.plainConnect(HttpURLConnection.java:1143)
	at java.base/sun.net.www.protocol.http.HttpURLConnection.connect(HttpURLConnection.java:1072)
	at java.base/sun.net.www.protocol.http.HttpURLConnection.getOutputStream0(HttpURLConnection.java:1466)
	at java.base/sun.net.www.protocol.http.HttpURLConnection.getOutputStream(HttpURLConnection.java:1437)
	at com.sun.xml.messaging.saaj.client.p2p.HttpSOAPConnection.post(HttpSOAPConnection.java:214)
	... 18 common frames omitted
2025-08-02 07:44:01.507 [scheduling-1] ERROR com.sun.xml.messaging.saaj.client.p2p - SAAJ0009: 未能发送消息
2025-08-02 07:44:01.508 [scheduling-1] ERROR c.t.c.signalplatform.platformbase.WebServiceClient - WebService连接测试失败
com.sun.xml.messaging.saaj.SOAPExceptionImpl: com.sun.xml.messaging.saaj.SOAPExceptionImpl: Message send failed
	at com.sun.xml.messaging.saaj.client.p2p.HttpSOAPConnection.call(HttpSOAPConnection.java:127)
	at com.traffic.config.signalplatform.platformbase.WebServiceClient.callWebService(WebServiceClient.java:254)
	at com.traffic.config.signalplatform.platformbase.WebServiceClient.testConnection(WebServiceClient.java:75)
	at com.traffic.config.signalplatform.platformbase.WebServiceClient$$FastClassBySpringCGLIB$$eca0d231.invoke(<generated>)
	at org.springframework.cglib.proxy.MethodProxy.invoke(MethodProxy.java:218)
	at org.springframework.aop.framework.CglibAopProxy.invokeMethod(CglibAopProxy.java:386)
	at org.springframework.aop.framework.CglibAopProxy.access$000(CglibAopProxy.java:85)
	at org.springframework.aop.framework.CglibAopProxy$DynamicAdvisedInterceptor.intercept(CglibAopProxy.java:703)
	at com.traffic.config.signalplatform.platformbase.WebServiceClient$$EnhancerBySpringCGLIB$$3327d8d4.testConnection(<generated>)
	at com.traffic.config.signalplatform.platformbase.CrossInfoManager.updateAllCrossInfoFromPlatform(CrossInfoManager.java:100)
	at com.traffic.config.signalplatform.platformbase.CrossInfoManager.lambda$handleSignalListUpdate$0(CrossInfoManager.java:70)
	at org.springframework.scheduling.support.DelegatingErrorHandlingRunnable.run(DelegatingErrorHandlingRunnable.java:54)
	at java.base/java.util.concurrent.Executors$RunnableAdapter.call(Executors.java:539)
	at java.base/java.util.concurrent.FutureTask.runAndReset(FutureTask.java:305)
	at java.base/java.util.concurrent.ScheduledThreadPoolExecutor$ScheduledFutureTask.run(ScheduledThreadPoolExecutor.java:305)
	at java.base/java.util.concurrent.ThreadPoolExecutor.runWorker(ThreadPoolExecutor.java:1136)
	at java.base/java.util.concurrent.ThreadPoolExecutor$Worker.run(ThreadPoolExecutor.java:635)
	at java.base/java.lang.Thread.run(Thread.java:840)
Caused by: com.sun.xml.messaging.saaj.SOAPExceptionImpl: Message send failed
	at com.sun.xml.messaging.saaj.client.p2p.HttpSOAPConnection.post(HttpSOAPConnection.java:259)
	at com.sun.xml.messaging.saaj.client.p2p.HttpSOAPConnection.call(HttpSOAPConnection.java:123)
	... 17 common frames omitted
Caused by: java.net.NoRouteToHostException: No route to host: connect
	at java.base/sun.nio.ch.Net.connect0(Native Method)
	at java.base/sun.nio.ch.Net.connect(Net.java:579)
	at java.base/sun.nio.ch.Net.connect(Net.java:568)
	at java.base/sun.nio.ch.NioSocketImpl.connect(NioSocketImpl.java:593)
	at java.base/java.net.Socket.connect(Socket.java:633)
	at java.base/sun.net.NetworkClient.doConnect(NetworkClient.java:178)
	at java.base/sun.net.www.http.HttpClient.openServer(HttpClient.java:533)
	at java.base/sun.net.www.http.HttpClient.openServer(HttpClient.java:638)
	at java.base/sun.net.www.http.HttpClient.<init>(HttpClient.java:281)
	at java.base/sun.net.www.http.HttpClient.New(HttpClient.java:386)
	at java.base/sun.net.www.http.HttpClient.New(HttpClient.java:408)
	at java.base/sun.net.www.protocol.http.HttpURLConnection.getNewHttpClient(HttpURLConnection.java:1324)
	at java.base/sun.net.www.protocol.http.HttpURLConnection.plainConnect0(HttpURLConnection.java:1257)
	at java.base/sun.net.www.protocol.http.HttpURLConnection.plainConnect(HttpURLConnection.java:1143)
	at java.base/sun.net.www.protocol.http.HttpURLConnection.connect(HttpURLConnection.java:1072)
	at java.base/sun.net.www.protocol.http.HttpURLConnection.getOutputStream0(HttpURLConnection.java:1466)
	at java.base/sun.net.www.protocol.http.HttpURLConnection.getOutputStream(HttpURLConnection.java:1437)
	at com.sun.xml.messaging.saaj.client.p2p.HttpSOAPConnection.post(HttpSOAPConnection.java:214)
	... 18 common frames omitted
2025-08-02 07:44:01.963 [scheduling-1] ERROR com.sun.xml.messaging.saaj.client.p2p - SAAJ0009: 未能发送消息
2025-08-02 07:44:01.964 [scheduling-1] ERROR c.t.c.signalplatform.platformbase.WebServiceClient - WebService连接测试失败
com.sun.xml.messaging.saaj.SOAPExceptionImpl: com.sun.xml.messaging.saaj.SOAPExceptionImpl: Message send failed
	at com.sun.xml.messaging.saaj.client.p2p.HttpSOAPConnection.call(HttpSOAPConnection.java:127)
	at com.traffic.config.signalplatform.platformbase.WebServiceClient.callWebService(WebServiceClient.java:254)
	at com.traffic.config.signalplatform.platformbase.WebServiceClient.testConnection(WebServiceClient.java:75)
	at com.traffic.config.signalplatform.platformbase.WebServiceClient$$FastClassBySpringCGLIB$$eca0d231.invoke(<generated>)
	at org.springframework.cglib.proxy.MethodProxy.invoke(MethodProxy.java:218)
	at org.springframework.aop.framework.CglibAopProxy.invokeMethod(CglibAopProxy.java:386)
	at org.springframework.aop.framework.CglibAopProxy.access$000(CglibAopProxy.java:85)
	at org.springframework.aop.framework.CglibAopProxy$DynamicAdvisedInterceptor.intercept(CglibAopProxy.java:703)
	at com.traffic.config.signalplatform.platformbase.WebServiceClient$$EnhancerBySpringCGLIB$$3327d8d4.testConnection(<generated>)
	at com.traffic.config.signalplatform.platformbase.CrossInfoManager.updateAllCrossInfoFromPlatform(CrossInfoManager.java:100)
	at com.traffic.config.signalplatform.platformbase.CrossInfoManager.lambda$handleSignalListUpdate$0(CrossInfoManager.java:70)
	at org.springframework.scheduling.support.DelegatingErrorHandlingRunnable.run(DelegatingErrorHandlingRunnable.java:54)
	at java.base/java.util.concurrent.Executors$RunnableAdapter.call(Executors.java:539)
	at java.base/java.util.concurrent.FutureTask.runAndReset(FutureTask.java:305)
	at java.base/java.util.concurrent.ScheduledThreadPoolExecutor$ScheduledFutureTask.run(ScheduledThreadPoolExecutor.java:305)
	at java.base/java.util.concurrent.ThreadPoolExecutor.runWorker(ThreadPoolExecutor.java:1136)
	at java.base/java.util.concurrent.ThreadPoolExecutor$Worker.run(ThreadPoolExecutor.java:635)
	at java.base/java.lang.Thread.run(Thread.java:840)
Caused by: com.sun.xml.messaging.saaj.SOAPExceptionImpl: Message send failed
	at com.sun.xml.messaging.saaj.client.p2p.HttpSOAPConnection.post(HttpSOAPConnection.java:259)
	at com.sun.xml.messaging.saaj.client.p2p.HttpSOAPConnection.call(HttpSOAPConnection.java:123)
	... 17 common frames omitted
Caused by: java.net.NoRouteToHostException: No route to host: connect
	at java.base/sun.nio.ch.Net.connect0(Native Method)
	at java.base/sun.nio.ch.Net.connect(Net.java:579)
	at java.base/sun.nio.ch.Net.connect(Net.java:568)
	at java.base/sun.nio.ch.NioSocketImpl.connect(NioSocketImpl.java:593)
	at java.base/java.net.Socket.connect(Socket.java:633)
	at java.base/sun.net.NetworkClient.doConnect(NetworkClient.java:178)
	at java.base/sun.net.www.http.HttpClient.openServer(HttpClient.java:533)
	at java.base/sun.net.www.http.HttpClient.openServer(HttpClient.java:638)
	at java.base/sun.net.www.http.HttpClient.<init>(HttpClient.java:281)
	at java.base/sun.net.www.http.HttpClient.New(HttpClient.java:386)
	at java.base/sun.net.www.http.HttpClient.New(HttpClient.java:408)
	at java.base/sun.net.www.protocol.http.HttpURLConnection.getNewHttpClient(HttpURLConnection.java:1324)
	at java.base/sun.net.www.protocol.http.HttpURLConnection.plainConnect0(HttpURLConnection.java:1257)
	at java.base/sun.net.www.protocol.http.HttpURLConnection.plainConnect(HttpURLConnection.java:1143)
	at java.base/sun.net.www.protocol.http.HttpURLConnection.connect(HttpURLConnection.java:1072)
	at java.base/sun.net.www.protocol.http.HttpURLConnection.getOutputStream0(HttpURLConnection.java:1466)
	at java.base/sun.net.www.protocol.http.HttpURLConnection.getOutputStream(HttpURLConnection.java:1437)
	at com.sun.xml.messaging.saaj.client.p2p.HttpSOAPConnection.post(HttpSOAPConnection.java:214)
	... 18 common frames omitted
2025-08-02 07:44:02.231 [scheduling-1] ERROR com.sun.xml.messaging.saaj.client.p2p - SAAJ0009: 未能发送消息
2025-08-02 07:44:02.231 [scheduling-1] ERROR c.t.c.signalplatform.platformbase.WebServiceClient - WebService连接测试失败
com.sun.xml.messaging.saaj.SOAPExceptionImpl: com.sun.xml.messaging.saaj.SOAPExceptionImpl: Message send failed
	at com.sun.xml.messaging.saaj.client.p2p.HttpSOAPConnection.call(HttpSOAPConnection.java:127)
	at com.traffic.config.signalplatform.platformbase.WebServiceClient.callWebService(WebServiceClient.java:254)
	at com.traffic.config.signalplatform.platformbase.WebServiceClient.testConnection(WebServiceClient.java:75)
	at com.traffic.config.signalplatform.platformbase.WebServiceClient$$FastClassBySpringCGLIB$$eca0d231.invoke(<generated>)
	at org.springframework.cglib.proxy.MethodProxy.invoke(MethodProxy.java:218)
	at org.springframework.aop.framework.CglibAopProxy.invokeMethod(CglibAopProxy.java:386)
	at org.springframework.aop.framework.CglibAopProxy.access$000(CglibAopProxy.java:85)
	at org.springframework.aop.framework.CglibAopProxy$DynamicAdvisedInterceptor.intercept(CglibAopProxy.java:703)
	at com.traffic.config.signalplatform.platformbase.WebServiceClient$$EnhancerBySpringCGLIB$$3327d8d4.testConnection(<generated>)
	at com.traffic.config.signalplatform.platformbase.CrossInfoManager.updateAllCrossInfoFromPlatform(CrossInfoManager.java:100)
	at com.traffic.config.signalplatform.platformbase.CrossInfoManager.lambda$handleSignalListUpdate$0(CrossInfoManager.java:70)
	at org.springframework.scheduling.support.DelegatingErrorHandlingRunnable.run(DelegatingErrorHandlingRunnable.java:54)
	at java.base/java.util.concurrent.Executors$RunnableAdapter.call(Executors.java:539)
	at java.base/java.util.concurrent.FutureTask.runAndReset(FutureTask.java:305)
	at java.base/java.util.concurrent.ScheduledThreadPoolExecutor$ScheduledFutureTask.run(ScheduledThreadPoolExecutor.java:305)
	at java.base/java.util.concurrent.ThreadPoolExecutor.runWorker(ThreadPoolExecutor.java:1136)
	at java.base/java.util.concurrent.ThreadPoolExecutor$Worker.run(ThreadPoolExecutor.java:635)
	at java.base/java.lang.Thread.run(Thread.java:840)
Caused by: com.sun.xml.messaging.saaj.SOAPExceptionImpl: Message send failed
	at com.sun.xml.messaging.saaj.client.p2p.HttpSOAPConnection.post(HttpSOAPConnection.java:259)
	at com.sun.xml.messaging.saaj.client.p2p.HttpSOAPConnection.call(HttpSOAPConnection.java:123)
	... 17 common frames omitted
Caused by: java.net.NoRouteToHostException: No route to host: connect
	at java.base/sun.nio.ch.Net.connect0(Native Method)
	at java.base/sun.nio.ch.Net.connect(Net.java:579)
	at java.base/sun.nio.ch.Net.connect(Net.java:568)
	at java.base/sun.nio.ch.NioSocketImpl.connect(NioSocketImpl.java:593)
	at java.base/java.net.Socket.connect(Socket.java:633)
	at java.base/sun.net.NetworkClient.doConnect(NetworkClient.java:178)
	at java.base/sun.net.www.http.HttpClient.openServer(HttpClient.java:533)
	at java.base/sun.net.www.http.HttpClient.openServer(HttpClient.java:638)
	at java.base/sun.net.www.http.HttpClient.<init>(HttpClient.java:281)
	at java.base/sun.net.www.http.HttpClient.New(HttpClient.java:386)
	at java.base/sun.net.www.http.HttpClient.New(HttpClient.java:408)
	at java.base/sun.net.www.protocol.http.HttpURLConnection.getNewHttpClient(HttpURLConnection.java:1324)
	at java.base/sun.net.www.protocol.http.HttpURLConnection.plainConnect0(HttpURLConnection.java:1257)
	at java.base/sun.net.www.protocol.http.HttpURLConnection.plainConnect(HttpURLConnection.java:1143)
	at java.base/sun.net.www.protocol.http.HttpURLConnection.connect(HttpURLConnection.java:1072)
	at java.base/sun.net.www.protocol.http.HttpURLConnection.getOutputStream0(HttpURLConnection.java:1466)
	at java.base/sun.net.www.protocol.http.HttpURLConnection.getOutputStream(HttpURLConnection.java:1437)
	at com.sun.xml.messaging.saaj.client.p2p.HttpSOAPConnection.post(HttpSOAPConnection.java:214)
	... 18 common frames omitted
2025-08-02 07:44:02.268 [scheduling-1] ERROR com.sun.xml.messaging.saaj.client.p2p - SAAJ0009: 未能发送消息
2025-08-02 07:44:02.269 [scheduling-1] ERROR c.t.c.signalplatform.platformbase.WebServiceClient - WebService连接测试失败
com.sun.xml.messaging.saaj.SOAPExceptionImpl: com.sun.xml.messaging.saaj.SOAPExceptionImpl: Message send failed
	at com.sun.xml.messaging.saaj.client.p2p.HttpSOAPConnection.call(HttpSOAPConnection.java:127)
	at com.traffic.config.signalplatform.platformbase.WebServiceClient.callWebService(WebServiceClient.java:254)
	at com.traffic.config.signalplatform.platformbase.WebServiceClient.testConnection(WebServiceClient.java:75)
	at com.traffic.config.signalplatform.platformbase.WebServiceClient$$FastClassBySpringCGLIB$$eca0d231.invoke(<generated>)
	at org.springframework.cglib.proxy.MethodProxy.invoke(MethodProxy.java:218)
	at org.springframework.aop.framework.CglibAopProxy.invokeMethod(CglibAopProxy.java:386)
	at org.springframework.aop.framework.CglibAopProxy.access$000(CglibAopProxy.java:85)
	at org.springframework.aop.framework.CglibAopProxy$DynamicAdvisedInterceptor.intercept(CglibAopProxy.java:703)
	at com.traffic.config.signalplatform.platformbase.WebServiceClient$$EnhancerBySpringCGLIB$$3327d8d4.testConnection(<generated>)
	at com.traffic.config.signalplatform.platformbase.CrossInfoManager.updateAllCrossInfoFromPlatform(CrossInfoManager.java:100)
	at com.traffic.config.signalplatform.platformbase.CrossInfoManager.lambda$handleSignalListUpdate$0(CrossInfoManager.java:70)
	at org.springframework.scheduling.support.DelegatingErrorHandlingRunnable.run(DelegatingErrorHandlingRunnable.java:54)
	at java.base/java.util.concurrent.Executors$RunnableAdapter.call(Executors.java:539)
	at java.base/java.util.concurrent.FutureTask.runAndReset(FutureTask.java:305)
	at java.base/java.util.concurrent.ScheduledThreadPoolExecutor$ScheduledFutureTask.run(ScheduledThreadPoolExecutor.java:305)
	at java.base/java.util.concurrent.ThreadPoolExecutor.runWorker(ThreadPoolExecutor.java:1136)
	at java.base/java.util.concurrent.ThreadPoolExecutor$Worker.run(ThreadPoolExecutor.java:635)
	at java.base/java.lang.Thread.run(Thread.java:840)
Caused by: com.sun.xml.messaging.saaj.SOAPExceptionImpl: Message send failed
	at com.sun.xml.messaging.saaj.client.p2p.HttpSOAPConnection.post(HttpSOAPConnection.java:259)
	at com.sun.xml.messaging.saaj.client.p2p.HttpSOAPConnection.call(HttpSOAPConnection.java:123)
	... 17 common frames omitted
Caused by: java.net.NoRouteToHostException: No route to host: connect
	at java.base/sun.nio.ch.Net.connect0(Native Method)
	at java.base/sun.nio.ch.Net.connect(Net.java:579)
	at java.base/sun.nio.ch.Net.connect(Net.java:568)
	at java.base/sun.nio.ch.NioSocketImpl.connect(NioSocketImpl.java:593)
	at java.base/java.net.Socket.connect(Socket.java:633)
	at java.base/sun.net.NetworkClient.doConnect(NetworkClient.java:178)
	at java.base/sun.net.www.http.HttpClient.openServer(HttpClient.java:533)
	at java.base/sun.net.www.http.HttpClient.openServer(HttpClient.java:638)
	at java.base/sun.net.www.http.HttpClient.<init>(HttpClient.java:281)
	at java.base/sun.net.www.http.HttpClient.New(HttpClient.java:386)
	at java.base/sun.net.www.http.HttpClient.New(HttpClient.java:408)
	at java.base/sun.net.www.protocol.http.HttpURLConnection.getNewHttpClient(HttpURLConnection.java:1324)
	at java.base/sun.net.www.protocol.http.HttpURLConnection.plainConnect0(HttpURLConnection.java:1257)
	at java.base/sun.net.www.protocol.http.HttpURLConnection.plainConnect(HttpURLConnection.java:1143)
	at java.base/sun.net.www.protocol.http.HttpURLConnection.connect(HttpURLConnection.java:1072)
	at java.base/sun.net.www.protocol.http.HttpURLConnection.getOutputStream0(HttpURLConnection.java:1466)
	at java.base/sun.net.www.protocol.http.HttpURLConnection.getOutputStream(HttpURLConnection.java:1437)
	at com.sun.xml.messaging.saaj.client.p2p.HttpSOAPConnection.post(HttpSOAPConnection.java:214)
	... 18 common frames omitted
2025-08-02 07:44:02.412 [scheduling-1] ERROR com.sun.xml.messaging.saaj.client.p2p - SAAJ0009: 未能发送消息
2025-08-02 07:44:02.416 [scheduling-1] ERROR c.t.c.signalplatform.platformbase.WebServiceClient - WebService连接测试失败
com.sun.xml.messaging.saaj.SOAPExceptionImpl: com.sun.xml.messaging.saaj.SOAPExceptionImpl: Message send failed
	at com.sun.xml.messaging.saaj.client.p2p.HttpSOAPConnection.call(HttpSOAPConnection.java:127)
	at com.traffic.config.signalplatform.platformbase.WebServiceClient.callWebService(WebServiceClient.java:254)
	at com.traffic.config.signalplatform.platformbase.WebServiceClient.testConnection(WebServiceClient.java:75)
	at com.traffic.config.signalplatform.platformbase.WebServiceClient$$FastClassBySpringCGLIB$$eca0d231.invoke(<generated>)
	at org.springframework.cglib.proxy.MethodProxy.invoke(MethodProxy.java:218)
	at org.springframework.aop.framework.CglibAopProxy.invokeMethod(CglibAopProxy.java:386)
	at org.springframework.aop.framework.CglibAopProxy.access$000(CglibAopProxy.java:85)
	at org.springframework.aop.framework.CglibAopProxy$DynamicAdvisedInterceptor.intercept(CglibAopProxy.java:703)
	at com.traffic.config.signalplatform.platformbase.WebServiceClient$$EnhancerBySpringCGLIB$$3327d8d4.testConnection(<generated>)
	at com.traffic.config.signalplatform.platformbase.CrossInfoManager.updateAllCrossInfoFromPlatform(CrossInfoManager.java:100)
	at com.traffic.config.signalplatform.platformbase.CrossInfoManager.lambda$handleSignalListUpdate$0(CrossInfoManager.java:70)
	at org.springframework.scheduling.support.DelegatingErrorHandlingRunnable.run(DelegatingErrorHandlingRunnable.java:54)
	at java.base/java.util.concurrent.Executors$RunnableAdapter.call(Executors.java:539)
	at java.base/java.util.concurrent.FutureTask.runAndReset(FutureTask.java:305)
	at java.base/java.util.concurrent.ScheduledThreadPoolExecutor$ScheduledFutureTask.run(ScheduledThreadPoolExecutor.java:305)
	at java.base/java.util.concurrent.ThreadPoolExecutor.runWorker(ThreadPoolExecutor.java:1136)
	at java.base/java.util.concurrent.ThreadPoolExecutor$Worker.run(ThreadPoolExecutor.java:635)
	at java.base/java.lang.Thread.run(Thread.java:840)
Caused by: com.sun.xml.messaging.saaj.SOAPExceptionImpl: Message send failed
	at com.sun.xml.messaging.saaj.client.p2p.HttpSOAPConnection.post(HttpSOAPConnection.java:259)
	at com.sun.xml.messaging.saaj.client.p2p.HttpSOAPConnection.call(HttpSOAPConnection.java:123)
	... 17 common frames omitted
Caused by: java.net.NoRouteToHostException: No route to host: connect
	at java.base/sun.nio.ch.Net.connect0(Native Method)
	at java.base/sun.nio.ch.Net.connect(Net.java:579)
	at java.base/sun.nio.ch.Net.connect(Net.java:568)
	at java.base/sun.nio.ch.NioSocketImpl.connect(NioSocketImpl.java:593)
	at java.base/java.net.Socket.connect(Socket.java:633)
	at java.base/sun.net.NetworkClient.doConnect(NetworkClient.java:178)
	at java.base/sun.net.www.http.HttpClient.openServer(HttpClient.java:533)
	at java.base/sun.net.www.http.HttpClient.openServer(HttpClient.java:638)
	at java.base/sun.net.www.http.HttpClient.<init>(HttpClient.java:281)
	at java.base/sun.net.www.http.HttpClient.New(HttpClient.java:386)
	at java.base/sun.net.www.http.HttpClient.New(HttpClient.java:408)
	at java.base/sun.net.www.protocol.http.HttpURLConnection.getNewHttpClient(HttpURLConnection.java:1324)
	at java.base/sun.net.www.protocol.http.HttpURLConnection.plainConnect0(HttpURLConnection.java:1257)
	at java.base/sun.net.www.protocol.http.HttpURLConnection.plainConnect(HttpURLConnection.java:1143)
	at java.base/sun.net.www.protocol.http.HttpURLConnection.connect(HttpURLConnection.java:1072)
	at java.base/sun.net.www.protocol.http.HttpURLConnection.getOutputStream0(HttpURLConnection.java:1466)
	at java.base/sun.net.www.protocol.http.HttpURLConnection.getOutputStream(HttpURLConnection.java:1437)
	at com.sun.xml.messaging.saaj.client.p2p.HttpSOAPConnection.post(HttpSOAPConnection.java:214)
	... 18 common frames omitted
2025-08-02 07:44:02.449 [scheduling-1] ERROR com.sun.xml.messaging.saaj.client.p2p - SAAJ0009: 未能发送消息
2025-08-02 07:44:02.449 [scheduling-1] ERROR c.t.c.signalplatform.platformbase.WebServiceClient - WebService连接测试失败
com.sun.xml.messaging.saaj.SOAPExceptionImpl: com.sun.xml.messaging.saaj.SOAPExceptionImpl: Message send failed
	at com.sun.xml.messaging.saaj.client.p2p.HttpSOAPConnection.call(HttpSOAPConnection.java:127)
	at com.traffic.config.signalplatform.platformbase.WebServiceClient.callWebService(WebServiceClient.java:254)
	at com.traffic.config.signalplatform.platformbase.WebServiceClient.testConnection(WebServiceClient.java:75)
	at com.traffic.config.signalplatform.platformbase.WebServiceClient$$FastClassBySpringCGLIB$$eca0d231.invoke(<generated>)
	at org.springframework.cglib.proxy.MethodProxy.invoke(MethodProxy.java:218)
	at org.springframework.aop.framework.CglibAopProxy.invokeMethod(CglibAopProxy.java:386)
	at org.springframework.aop.framework.CglibAopProxy.access$000(CglibAopProxy.java:85)
	at org.springframework.aop.framework.CglibAopProxy$DynamicAdvisedInterceptor.intercept(CglibAopProxy.java:703)
	at com.traffic.config.signalplatform.platformbase.WebServiceClient$$EnhancerBySpringCGLIB$$3327d8d4.testConnection(<generated>)
	at com.traffic.config.signalplatform.platformbase.CrossInfoManager.updateAllCrossInfoFromPlatform(CrossInfoManager.java:100)
	at com.traffic.config.signalplatform.platformbase.CrossInfoManager.lambda$handleSignalListUpdate$0(CrossInfoManager.java:70)
	at org.springframework.scheduling.support.DelegatingErrorHandlingRunnable.run(DelegatingErrorHandlingRunnable.java:54)
	at java.base/java.util.concurrent.Executors$RunnableAdapter.call(Executors.java:539)
	at java.base/java.util.concurrent.FutureTask.runAndReset(FutureTask.java:305)
	at java.base/java.util.concurrent.ScheduledThreadPoolExecutor$ScheduledFutureTask.run(ScheduledThreadPoolExecutor.java:305)
	at java.base/java.util.concurrent.ThreadPoolExecutor.runWorker(ThreadPoolExecutor.java:1136)
	at java.base/java.util.concurrent.ThreadPoolExecutor$Worker.run(ThreadPoolExecutor.java:635)
	at java.base/java.lang.Thread.run(Thread.java:840)
Caused by: com.sun.xml.messaging.saaj.SOAPExceptionImpl: Message send failed
	at com.sun.xml.messaging.saaj.client.p2p.HttpSOAPConnection.post(HttpSOAPConnection.java:259)
	at com.sun.xml.messaging.saaj.client.p2p.HttpSOAPConnection.call(HttpSOAPConnection.java:123)
	... 17 common frames omitted
Caused by: java.net.NoRouteToHostException: No route to host: connect
	at java.base/sun.nio.ch.Net.connect0(Native Method)
	at java.base/sun.nio.ch.Net.connect(Net.java:579)
	at java.base/sun.nio.ch.Net.connect(Net.java:568)
	at java.base/sun.nio.ch.NioSocketImpl.connect(NioSocketImpl.java:593)
	at java.base/java.net.Socket.connect(Socket.java:633)
	at java.base/sun.net.NetworkClient.doConnect(NetworkClient.java:178)
	at java.base/sun.net.www.http.HttpClient.openServer(HttpClient.java:533)
	at java.base/sun.net.www.http.HttpClient.openServer(HttpClient.java:638)
	at java.base/sun.net.www.http.HttpClient.<init>(HttpClient.java:281)
	at java.base/sun.net.www.http.HttpClient.New(HttpClient.java:386)
	at java.base/sun.net.www.http.HttpClient.New(HttpClient.java:408)
	at java.base/sun.net.www.protocol.http.HttpURLConnection.getNewHttpClient(HttpURLConnection.java:1324)
	at java.base/sun.net.www.protocol.http.HttpURLConnection.plainConnect0(HttpURLConnection.java:1257)
	at java.base/sun.net.www.protocol.http.HttpURLConnection.plainConnect(HttpURLConnection.java:1143)
	at java.base/sun.net.www.protocol.http.HttpURLConnection.connect(HttpURLConnection.java:1072)
	at java.base/sun.net.www.protocol.http.HttpURLConnection.getOutputStream0(HttpURLConnection.java:1466)
	at java.base/sun.net.www.protocol.http.HttpURLConnection.getOutputStream(HttpURLConnection.java:1437)
	at com.sun.xml.messaging.saaj.client.p2p.HttpSOAPConnection.post(HttpSOAPConnection.java:214)
	... 18 common frames omitted
2025-08-02 07:44:02.475 [scheduling-1] ERROR com.sun.xml.messaging.saaj.client.p2p - SAAJ0009: 未能发送消息
2025-08-02 07:44:02.478 [scheduling-1] ERROR c.t.c.signalplatform.platformbase.WebServiceClient - WebService连接测试失败
com.sun.xml.messaging.saaj.SOAPExceptionImpl: com.sun.xml.messaging.saaj.SOAPExceptionImpl: Message send failed
	at com.sun.xml.messaging.saaj.client.p2p.HttpSOAPConnection.call(HttpSOAPConnection.java:127)
	at com.traffic.config.signalplatform.platformbase.WebServiceClient.callWebService(WebServiceClient.java:254)
	at com.traffic.config.signalplatform.platformbase.WebServiceClient.testConnection(WebServiceClient.java:75)
	at com.traffic.config.signalplatform.platformbase.WebServiceClient$$FastClassBySpringCGLIB$$eca0d231.invoke(<generated>)
	at org.springframework.cglib.proxy.MethodProxy.invoke(MethodProxy.java:218)
	at org.springframework.aop.framework.CglibAopProxy.invokeMethod(CglibAopProxy.java:386)
	at org.springframework.aop.framework.CglibAopProxy.access$000(CglibAopProxy.java:85)
	at org.springframework.aop.framework.CglibAopProxy$DynamicAdvisedInterceptor.intercept(CglibAopProxy.java:703)
	at com.traffic.config.signalplatform.platformbase.WebServiceClient$$EnhancerBySpringCGLIB$$3327d8d4.testConnection(<generated>)
	at com.traffic.config.signalplatform.platformbase.CrossInfoManager.updateAllCrossInfoFromPlatform(CrossInfoManager.java:100)
	at com.traffic.config.signalplatform.platformbase.CrossInfoManager.lambda$handleSignalListUpdate$0(CrossInfoManager.java:70)
	at org.springframework.scheduling.support.DelegatingErrorHandlingRunnable.run(DelegatingErrorHandlingRunnable.java:54)
	at java.base/java.util.concurrent.Executors$RunnableAdapter.call(Executors.java:539)
	at java.base/java.util.concurrent.FutureTask.runAndReset(FutureTask.java:305)
	at java.base/java.util.concurrent.ScheduledThreadPoolExecutor$ScheduledFutureTask.run(ScheduledThreadPoolExecutor.java:305)
	at java.base/java.util.concurrent.ThreadPoolExecutor.runWorker(ThreadPoolExecutor.java:1136)
	at java.base/java.util.concurrent.ThreadPoolExecutor$Worker.run(ThreadPoolExecutor.java:635)
	at java.base/java.lang.Thread.run(Thread.java:840)
Caused by: com.sun.xml.messaging.saaj.SOAPExceptionImpl: Message send failed
	at com.sun.xml.messaging.saaj.client.p2p.HttpSOAPConnection.post(HttpSOAPConnection.java:259)
	at com.sun.xml.messaging.saaj.client.p2p.HttpSOAPConnection.call(HttpSOAPConnection.java:123)
	... 17 common frames omitted
Caused by: java.net.NoRouteToHostException: No route to host: connect
	at java.base/sun.nio.ch.Net.connect0(Native Method)
	at java.base/sun.nio.ch.Net.connect(Net.java:579)
	at java.base/sun.nio.ch.Net.connect(Net.java:568)
	at java.base/sun.nio.ch.NioSocketImpl.connect(NioSocketImpl.java:593)
	at java.base/java.net.Socket.connect(Socket.java:633)
	at java.base/sun.net.NetworkClient.doConnect(NetworkClient.java:178)
	at java.base/sun.net.www.http.HttpClient.openServer(HttpClient.java:533)
	at java.base/sun.net.www.http.HttpClient.openServer(HttpClient.java:638)
	at java.base/sun.net.www.http.HttpClient.<init>(HttpClient.java:281)
	at java.base/sun.net.www.http.HttpClient.New(HttpClient.java:386)
	at java.base/sun.net.www.http.HttpClient.New(HttpClient.java:408)
	at java.base/sun.net.www.protocol.http.HttpURLConnection.getNewHttpClient(HttpURLConnection.java:1324)
	at java.base/sun.net.www.protocol.http.HttpURLConnection.plainConnect0(HttpURLConnection.java:1257)
	at java.base/sun.net.www.protocol.http.HttpURLConnection.plainConnect(HttpURLConnection.java:1143)
	at java.base/sun.net.www.protocol.http.HttpURLConnection.connect(HttpURLConnection.java:1072)
	at java.base/sun.net.www.protocol.http.HttpURLConnection.getOutputStream0(HttpURLConnection.java:1466)
	at java.base/sun.net.www.protocol.http.HttpURLConnection.getOutputStream(HttpURLConnection.java:1437)
	at com.sun.xml.messaging.saaj.client.p2p.HttpSOAPConnection.post(HttpSOAPConnection.java:214)
	... 18 common frames omitted
